z:\prog\gitbackup\3rdsource\imagecodecs_depend\libexif-0.6.21_win\win32\libexif\debug\libexif.pdb
z:\prog\gitbackup\3rdsource\imagecodecs_depend\libexif-0.6.21_win\win32\libexif\debug\libexif.idb
z:\prog\gitbackup\3rdsource\imagecodecs_depend\libexif-0.6.21_win\win32\libexif\debug\exif-utils.obj
z:\prog\gitbackup\3rdsource\imagecodecs_depend\libexif-0.6.21_win\win32\libexif\debug\exif-tag.obj
z:\prog\gitbackup\3rdsource\imagecodecs_depend\libexif-0.6.21_win\win32\libexif\debug\exif-mnote-data.obj
z:\prog\gitbackup\3rdsource\imagecodecs_depend\libexif-0.6.21_win\win32\libexif\debug\exif-mem.obj
z:\prog\gitbackup\3rdsource\imagecodecs_depend\libexif-0.6.21_win\win32\libexif\debug\exif-log.obj
z:\prog\gitbackup\3rdsource\imagecodecs_depend\libexif-0.6.21_win\win32\libexif\debug\exif-ifd.obj
z:\prog\gitbackup\3rdsource\imagecodecs_depend\libexif-0.6.21_win\win32\libexif\debug\exif-format.obj
z:\prog\gitbackup\3rdsource\imagecodecs_depend\libexif-0.6.21_win\win32\libexif\debug\exif-byte-order.obj
z:\prog\gitbackup\3rdsource\imagecodecs_depend\libexif-0.6.21_win\win32\libexif\debug\vc141.pdb
z:\prog\gitbackup\3rdsource\imagecodecs_depend\libexif-0.6.21_win\win32\libexif\debug\vc141.idb
z:\prog\gitbackup\3rdsource\imagecodecs_depend\libexif-0.6.21_win\win32\libexif\debug\exif-loader.obj
z:\prog\gitbackup\3rdsource\imagecodecs_depend\libexif-0.6.21_win\win32\libexif\debug\exif-entry.obj
z:\prog\gitbackup\3rdsource\imagecodecs_depend\libexif-0.6.21_win\win32\libexif\debug\exif-data.obj
z:\prog\gitbackup\3rdsource\imagecodecs_depend\libexif-0.6.21_win\win32\libexif\debug\exif-content.obj
z:\prog\gitbackup\3rdsource\imagecodecs_depend\libexif-0.6.21_win\win32\debug\libexif.pdb
z:\prog\gitbackup\3rdsource\imagecodecs_depend\libexif-0.6.21_win\win32\libexif\debug\libexif.tlog\link-cvtres.read.1.tlog
z:\prog\gitbackup\3rdsource\imagecodecs_depend\libexif-0.6.21_win\win32\libexif\debug\libexif.tlog\link.read.1.tlog
z:\prog\gitbackup\3rdsource\imagecodecs_depend\libexif-0.6.21_win\win32\libexif\debug\libexif.tlog\link.command.1.tlog
z:\prog\gitbackup\3rdsource\imagecodecs_depend\libexif-0.6.21_win\win32\libexif\debug\libexif.tlog\link.write.1.tlog
z:\prog\gitbackup\3rdsource\imagecodecs_depend\libexif-0.6.21_win\win32\libexif\debug\libexif.tlog\link.delete.1.tlog
z:\prog\gitbackup\3rdsource\imagecodecs_depend\libexif-0.6.21_win\win32\libexif\debug\libexif.tlog\cl.read.1.tlog
z:\prog\gitbackup\3rdsource\imagecodecs_depend\libexif-0.6.21_win\win32\libexif\debug\libexif.tlog\link-rc.write.1.tlog
z:\prog\gitbackup\3rdsource\imagecodecs_depend\libexif-0.6.21_win\win32\libexif\debug\libexif.tlog\link-rc.read.1.tlog
z:\prog\gitbackup\3rdsource\imagecodecs_depend\libexif-0.6.21_win\win32\libexif\debug\libexif.tlog\link-cvtres.write.1.tlog
z:\prog\gitbackup\3rdsource\imagecodecs_depend\libexif-0.6.21_win\win32\libexif\debug\libexif.tlog\lib.command.1.tlog
z:\prog\gitbackup\3rdsource\imagecodecs_depend\libexif-0.6.21_win\win32\libexif\debug\libexif.tlog\cl.command.1.tlog
z:\prog\gitbackup\3rdsource\imagecodecs_depend\libexif-0.6.21_win\win32\libexif\debug\libexif.tlog\lib-link.read.1.tlog
z:\prog\gitbackup\3rdsource\imagecodecs_depend\libexif-0.6.21_win\win32\libexif\debug\libexif.tlog\lib-link.write.1.tlog
z:\prog\gitbackup\3rdsource\imagecodecs_depend\libexif-0.6.21_win\win32\libexif\debug\libexif.tlog\cl.write.1.tlog
